<?xml version="1.0" encoding="UTF-8"?>
<!-- Generated by org.testng.reporters.JUnitReportReporter -->
<testsuite hostname="SHUBHSAR01" failures="0" tests="5" name="testCases.TC001_Registeraccount" time="39.151" errors="0" timestamp="2025-05-19T15:46:17 IST" skipped="0">
  <testcase classname="testCases.TC001_Registeraccount" name="Register" time="7.561"/>
  <testcase classname="testCases.TC001_Registeraccount" name="Register" time="6.807"/>
  <testcase classname="testCases.TC001_Registeraccount" name="Register" time="9.527"/>
  <testcase classname="testCases.TC001_Registeraccount" name="Register" time="6.801"/>
  <testcase classname="testCases.TC001_Registeraccount" name="Register" time="8.455"/>
</testsuite> <!-- testCases.TC001_Registeraccount -->
