<?xml version="1.0" encoding="UTF-8"?>
<!-- Generated by org.testng.reporters.JUnitReportReporter -->
<testsuite hostname="SHUBHSAR01" failures="0" tests="5" name="testCases.TC001_Registeraccount" time="30.998" errors="0" timestamp="2025-05-07T20:46:07 IST" skipped="0">
  <testcase classname="testCases.TC001_Registeraccount" name="Register" time="5.641"/>
  <testcase classname="testCases.TC001_Registeraccount" name="Register" time="5.667"/>
  <testcase classname="testCases.TC001_Registeraccount" name="Register" time="6.527"/>
  <testcase classname="testCases.TC001_Registeraccount" name="Register" time="5.717"/>
  <testcase classname="testCases.TC001_Registeraccount" name="Register" time="7.446"/>
</testsuite> <!-- testCases.TC001_Registeraccount -->
